0:100  0:100  MemLog inited, TSC freq: 2798378088
0:100  0:000  
0:100  0:000  Now is 6.5.2015,  12:3:38 (GMT+2047)
0:100  0:000  Starting Clover rev 3202 on American Megatrends EFI
0:100  0:000  SelfDevicePath=PciRoot(0x0)\Pci(0x1D,0x0)\USB(0x0,0x0)\USB(0x7,0x0)\HD(1,GPT,638E8313-835F-47DA-922E-0633867AC30F,0x28,0x64000) @C7CF8218
0:100  0:000  SelfDirPath = \EFI\CLOVER
0:100  0:000  Total Memory Slots Count = 2
0:100  0:000  Type 17 Index = 0
0:100  0:000  SmbiosTable.Type17->Speed = 1600MHz
0:100  0:000  SmbiosTable.Type17->Size = 8192MB
0:100  0:000  SmbiosTable.Type17->Bank/Device =   JDIMM1
0:100  0:000  Type 17 Index = 1
0:100  0:000  SmbiosTable.Type17->Speed = 1600MHz
0:100  0:000  SmbiosTable.Type17->Size = 8192MB
0:100  0:000  SmbiosTable.Type17->Bank/Device =   JDIMM2
0:100  0:000  Boot status=0
0:100  0:000  Clover revision: 3202  running on Alienware 17 R2
0:100  0:000  ... with board Alienware 17 R2
0:100  0:000  CPU Vendor = 756E6547 Model=40661
0:100  0:000  The CPU supported turbo
0:100  0:000  BrandString = Intel(R) Core(TM) i7-4980HQ CPU @ 2.80GHz
0:100  0:000  MSR 0xE2 before patch 1E008405
0:100  0:000  MSR 0xE2 is locked, PM patches will be turned on
0:100  0:000  MSR 0xE4              00021814
0:100  0:000  MSR 0xCE              00080838_F3011C00
0:100  0:000  non-usable FLEX_RATIO = D0000
0:100  0:000  corrected FLEX_RATIO = C0000
0:100  0:000  MSR 0x1B0             00000000
0:100  0:000  FSBFrequency=100MHz DMIvalue=100000kHz
0:100  0:000  Corrected FSBFrequency=100MHz
0:100  0:000  Vendor/Model/Stepping: 0x756E6547/0x46/0x1
0:100  0:000  Family/ExtFamily: 0x6/0x0
0:100  0:000  MaxDiv/MinDiv: 28.0/8
0:100  0:000  Turbo: 38/38/39/40
0:100  0:000  Features: 0xBFEBFBFF
0:100  0:000  Threads: 8
0:100  0:000  Cores: 4
0:100  0:000  FSB: 100 MHz
0:100  0:000  CPU: 2800 MHz
0:100  0:000  TSC: 2800 MHz
0:100  0:000  PIS: 400 MHz
0:100  0:000  PCI (00|00:00.00) : 8086 0D04 class=060000
0:100  0:000  PCI (00|00:01.00) : 8086 0D01 class=060400
0:100  0:000  PCI (00|01:00.00) : 10DE 13D7 class=030200
0:100  0:000  PCI (00|00:02.00) : 8086 0D26 class=030000
0:100  0:000  Found GFX model=Intel Iris Pro
0:100  0:000  PCI (00|00:03.00) : 8086 0D0C class=040300
0:100  0:000  PCI (00|00:04.00) : 8086 0D03 class=118000
0:100  0:000  PCI (00|00:14.00) : 8086 8C31 class=0C0330
0:100  0:000  PCI (00|00:16.00) : 8086 8C3A class=078000
0:100  0:000  PCI (00|00:16.01) : FFFF FFFF class=FFFFFF
0:100  0:000  PCI (00|00:1A.00) : 8086 8C2D class=0C0320
0:100  0:000  PCI (00|00:1B.00) : 8086 8C20 class=040300
0:100  0:000  PCI (00|00:1C.00) : 8086 8C14 class=060400
0:100  0:000  PCI (00|02:00.00) : 1969 E091 class=020000
0:100  0:000  LAN 0, Vendor=1969, MMIO=F7400000
0:100  0:000  PCI (00|00:1C.03) : 8086 8C16 class=060400
0:100  0:000  PCI (00|03:00.00) : 168C 003E class=028000
0:100  0:000  PCI (00|00:1C.04) : 8086 8C18 class=060400
0:100  0:000  PCI (00|04:00.00) : 10EC 5227 class=FF0000
0:100  0:000  PCI (00|00:1D.00) : 8086 8C26 class=0C0320
0:100  0:000  PCI (00|00:1F.00) : 8086 8C4B class=060100
0:100  0:000  PCI (00|00:1F.02) : 8086 282A class=010400
0:101  0:000  PCI (00|00:1F.03) : 8086 8C22 class=0C0500
0:101  0:000  Clover load options size = 48 bytes
0:101  0:000  Clover started with option to boot boot.efi from install_osx
0:106  0:005  Using OEM config.plist at path: EFI\CLOVER\config.plist
0:107  0:000  EFI\CLOVER\config.plist loaded: Success
0:107  0:000  Found theme directory: embedded
0:107  0:000  Found theme directory: random
0:107  0:000  Found theme directory: bluemac
0:117  0:010  Loading early settings
0:117  0:000  timeout set to 5
0:117  0:000  Custom boot CUSTOM_BOOT_DISABLED (0x0)
0:117  0:000  ForceKextsToLoad: 1 requested
0:117  0:000  ForceKextsToLoad 0: System\Library\Extensions\IONetworkingFamily.kext
0:117  0:000  KextsToPatch: 16 requested
0:117  0:000  KextToPatch 0: disabled:AppleHDAController (HDMI-audio, unsupported HDAU 0c0c, 1 of 2 (range check)) Kext bin patch, data len: 5
0:117  0:000  KextToPatch 1: disabled:AppleHDAController (HDMI-audio, unsuppored HDAU 0c0c, 2 of 2 (0c0a to 0c0c)) Kext bin patch, data len: 5
0:117  0:000  KextToPatch 2: disabled:IOAHCIBlockStorage (Enable TRIM for SSD) Kext bin patch, data len: 11
0:117  0:000  KextToPatch 3: disabled:IOGraphicsFamily (Boot graphics glitch, 10.10.0/10.10.1 (1 of 2)) Kext bin patch, data len: 5
0:117  0:000  KextToPatch 4: disabled:IOGraphicsFamily (Boot graphics glitch, 10.10.0/10.10.1 (2 of 2)) Kext bin patch, data len: 5
0:117  0:000  KextToPatch 5: disabled:IOGraphicsFamily (Boot graphics glitch, 10.10.2/10.10.3) Kext bin patch, data len: 5
0:118  0:000  KextToPatch 6: disabled:AppleIntelFramebufferAzul (0x0a260006 9MB cursor bytes patch) Kext bin patch, data len: 20
0:118  0:000  KextToPatch 7: disabled:AppleIntelFramebufferAzul (HDMI-audio, port 0105, 0x0a260005 0x0a260006, 0x0d220003, 0x0a2e000a, 0x0a26000a) Kext bin patch, data len: 12
0:118  0:000  KextToPatch 8: disabled:AppleIntelFramebufferAzul (HDMI-audio, port 0204, 0x0a260005 0x0a260006) Kext bin patch, data len: 12
0:118  0:000  KextToPatch 9: disabled:AppleIntelFramebufferAzul (HDMI-audio, port 0105, 0x0a2e0008, 0x0a16000c, 0x0a2e000d, 0x0a26000d) Kext bin patch, data len: 12
0:118  0:000  KextToPatch 10: disabled:AppleIntelFramebufferAzul (HDMI-audio, port 0204, 0x0a2e0008, 0x0a16000c, 0x0a2e000d, 0x0a26000d) Kext bin patch, data len: 12
0:118  0:000  KextToPatch 11: disabled:AppleIntelFrameBufferAzul (Enable internal display after sleep for 0x0a2e000a, 0x0a26000a) Kext bin patch, data len: 16
0:118  0:000  KextToPatch 12: disabled:AppleIntelFramebufferAzul (HDMI-audio, port 0105(12), 0x0a260005 0x0a260006, 0x0d220003, 0x0a2e000a, 0x0a26000a) Kext bin patch, data len: 12
0:118  0:000  KextToPatch 13: disabled:AppleIntelFramebufferAzul (HDMI-audio, port 0204(12), 0x0a260005 0x0a260006) Kext bin patch, data len: 12
0:118  0:000  KextToPatch 14: disabled:AppleIntelFramebufferAzul (HDMI-audio, port 0105(12), 0x0a2e0008, 0x0a16000c, 0x0a2e000d, 0x0a26000d) Kext bin patch, data len: 12
0:118  0:000  KextToPatch 15: disabled:AppleIntelFramebufferAzul (HDMI-audio, port 0204(12), 0x0a2e0008, 0x0a16000c, 0x0a2e000d, 0x0a26000d) Kext bin patch, data len: 12
0:118  0:000  Default theme: Bluemac
0:118  0:000  ** Warning: unknown custom entry Type 'Other'
0:118  0:000  LoadDrivers() start
0:121  0:003  Loading FSInject-64.efi  status=Success
0:122  0:000  Loading OsxFatBinaryDrv-64.efi  status=Success
0:122  0:000  Loading OsxAptioFixDrv-64.efi  status=Success
0:126  0:003  Loading HFSPlus.efi  status=Success
0:130  0:003   - driver needs connecting
0:133  0:003  1 drivers needs connecting ...
0:133  0:000  PlatformDriverOverrideProtocol not found. Installing ... Success
0:133  0:000  HFS+ driver loaded 
0:133  0:000  Searching for invalid DiskIo BY_DRIVER connects: not found, all ok
0:404  0:270  LoadDrivers() end
0:404  0:000  Dump SMC keys from NVRAM:
0:408  0:004  SetMaxResolution: found best mode 0: 1920x1080
0:408  0:000   - already set
0:408  0:000  Console modes reported: 4, available modes:
0:408  0:000    Mode 1: 80x25 (current mode)
0:408  0:000    Mode 3: 100x31
0:408  0:000    Mode 4: 240x56
0:408  0:000  reinit: self device path=PciRoot(0x0)\Pci(0x1D,0x0)\USB(0x0,0x0)\USB(0x7,0x0)\HD(1,GPT,638E8313-835F-47DA-922E-0633867AC30F,0x28,0x64000)
0:409  0:001  MAC address of LAN #0= 34:E6:D7:52:49:13:
0:409  0:000  MAC address of LAN #1= 34:E6:D7:52:49:13:
0:409  0:000  MAC address of LAN #2= 34:E6:D7:52:49:13:
0:409  0:000  MAC address of LAN #3= 34:E6:D7:52:49:13:
0:409  0:000  ScanSPD() start
0:410  0:000  SMBus CmdReg: 0x3
0:410  0:000  Scanning SMBus [8086:8C22], mmio: 0xF7520004, ioport: 0xF040, hostc: 0x11
0:410  0:000  Slots to scan [8]...
0:424  0:014  SPD[0]: Type 11 @0x50 
0:433  0:008  Not using XMP because it is not present
0:433  0:000  DDR speed 1600MHz 
0:433  0:000  Slot: 0 Type 24 8192MB 1600MHz Vendor=Hynix Semiconductor PartNo=HMT41GS6BFR8A-PBN0 SerialNo=00050C0A030D0003 
0:454  0:020  SPD[2]: Type 11 @0x52 
0:462  0:008  Not using XMP because it is not present
0:462  0:000  DDR speed 1600MHz 
0:462  0:000  Slot: 2 Type 24 8192MB 1600MHz Vendor=Hynix Semiconductor PartNo=HMT41GS6BFR8A-PBN0 SerialNo=0005070A030C0F00 
0:493  0:030  ScanSPD() end
0:497  0:004  Get Acpi Tables List from RSDT:
0:497  0:000   Found table: FACP  ALIENWRE len=132
0:497  0:000   Found table: APIC  ALIENWRE len=188
0:497  0:000   Found table: FPDT  ALIENWRE len=68
0:497  0:000   Found table: FIDT  ALIENWRE len=156
0:497  0:000   Found table: MCFG  ALIENWRE len=60
0:497  0:000   Found table: HPET  ALIENWRE len=56
0:497  0:000   Found table: SSDT  SataTabl len=1007
0:497  0:000   Found table: UEFI   len=66
0:497  0:000   Found table: MSDM  ALIENWRE len=85
0:497  0:000   Found table: SSDT  Ther_Rvp len=1192
0:497  0:000   Found table: ASF!   HCG len=160
0:497  0:000   Found table: SLIC  ALIENWRE len=374
0:497  0:000   Found table: SSDT  Cpu0Ist len=1337
0:497  0:000   Found table: SSDT  CpuSsdt len=2932
0:497  0:000   Found table: SSDT  DptfTabl len=12853
0:497  0:000   Found table: SSDT  SaSsdt  len=25969
0:497  0:000   Found table: SSDT  SgPeg len=634
0:497  0:000   Found table: DMAR  BDW  len=184
0:497  0:000   Found table: BGRT  ALIENWRE len=56
0:497  0:000   Found table: UEFI  RstSataE len=1594
0:497  0:000   Found table: UEFI  RstSataV len=92
0:497  0:000   Found table: SSDT  OptTabl len=9097
0:497  0:000  Calibrated TSC frequency =2798378088 =2798MHz
0:497  0:000  Loading main settings
0:497  0:000  USB FixOwnership: true
0:497  0:000  Dropping 6 tables
0:497  0:000  Drop table 0 signature="DMAR" (52414D44)
0:497  0:000  set table: 52414D44,                0 to drop:  true
0:497  0:000  
0:497  0:000  Drop table 1 signature="SSDT" (54445353) table-id="CpuPm" (0000006D50757043)
0:497  0:000  set table: 54445353,       6D50757043 to drop:
0:497  0:000  Drop table 2 signature="SSDT" (54445353) table-id="Cpu0Cst" (0074734330757043)
0:498  0:000  set table: 54445353,   74734330757043 to drop:
0:498  0:000  Drop table 3 signature="SSDT" (54445353) table-id="Cpu0Ist" (0074734930757043)
0:498  0:000  set table: 54445353,   74734930757043 to drop:  true
0:498  0:000  
0:498  0:000  Drop table 4 signature="SSDT" (54445353) table-id="ApCst" (0000007473437041)
0:498  0:000  set table: 54445353,       7473437041 to drop:
0:498  0:000  Drop table 5 signature="SSDT" (54445353) table-id="ApIst" (0000007473497041)
0:498  0:000  set table: 54445353,       7473497041 to drop:
0:498  0:000  Config set Fixes will override FixMask mask!
0:498  0:000     final mask=90000000
0:498  0:000  Config set PluginType=1
0:498  0:000  found 12 volumes with blockIO
0:499  0:000   0. Volume:
0:499  0:000    PciRoot(0x0)\Pci(0x1D,0x0)\USB(0x0,0x0)\USB(0x7,0x0)
0:499  0:000    USB volume
0:499  0:000    USB volume
0:499  0:000   1. Volume:
0:500  0:000    PciRoot(0x0)\Pci(0x1D,0x0)\USB(0x0,0x0)\USB(0x7,0x0)\HD(1,GPT,638E8313-835F-47DA-922E-0633867AC30F,0x28,0x64000)
0:501  0:001    Result of bootcode detection: bootable unknown (legacy)
0:501  0:000    USB volume
0:501  0:000    USB volume
0:501  0:000    This is SelfVolume !!
0:501  0:000   2. Volume:
0:501  0:000    PciRoot(0x0)\Pci(0x1D,0x0)\USB(0x0,0x0)\USB(0x7,0x0)\HD(2,GPT,782020DC-E5F3-4ECA-83D7-3E3DB31AF453,0x64800,0x270800)
0:502  0:001    Result of bootcode detection: bootable unknown (legacy)
0:502  0:000    USB volume
0:502  0:000    USB volume
0:502  0:000   3. Volume:
0:502  0:000    PciRoot(0x0)\Pci(0x1D,0x0)\USB(0x0,0x0)\USB(0x7,0x0)\HD(3,GPT,8ADB8A44-8691-4AAF-952A-4A70871B1767,0x2D5000,0x1A5B7D8)
0:503  0:000    USB volume
0:503  0:000    USB volume
0:503  0:000   4. Volume:
0:503  0:000    PciRoot(0x0)\Pci(0x1F,0x2)\Sata(0x1,0x8000,0x0)
0:503  0:000    Result of bootcode detection: bootable unknown (legacy)
0:503  0:000   5. Volume:
0:503  0:000    PciRoot(0x0)\Pci(0x1F,0x2)\Sata(0x2,0x8000,0x0)
0:505  0:001    Result of bootcode detection: bootable unknown (legacy)
0:505  0:000   6. Volume:
0:505  0:000    PciRoot(0x0)\Pci(0x1F,0x2)\Sata(0x1,0x8000,0x0)\HD(1,GPT,DF86DA85-4867-40C4-AD33-7E45D728C3D6,0x800,0xFA000)
0:506  0:000    Result of bootcode detection: bootable Windows (vista,win)
0:524  0:017   7. Volume:
0:524  0:000    PciRoot(0x0)\Pci(0x1F,0x2)\Sata(0x1,0x8000,0x0)\HD(2,GPT,53D23046-827D-4145-844E-4E7342C49A07,0xFA800,0x14000)
0:524  0:000    Result of bootcode detection: bootable Windows (vista,win)
0:524  0:000   8. Volume:
0:524  0:000    PciRoot(0x0)\Pci(0x1F,0x2)\Sata(0x1,0x8000,0x0)\HD(3,GPT,A3134411-76CD-4F7E-9E49-F07D9600FF72,0x10E800,0x40000)
0:524  0:000    Result of bootcode detection: bootable unknown (legacy)
0:524  0:000   9. Volume:
0:524  0:000    PciRoot(0x0)\Pci(0x1F,0x2)\Sata(0x1,0x8000,0x0)\HD(4,GPT,67945CB1-4515-4E71-B9D7-3525249DA57B,0x14E800,0x400000)
0:525  0:000    Result of bootcode detection: bootable Windows (vista,win)
0:525  0:000  10. Volume:
0:525  0:000    PciRoot(0x0)\Pci(0x1F,0x2)\Sata(0x1,0x8000,0x0)\HD(5,GPT,5A05B674-6036-47B8-8F8A-C33C27EF04B5,0x54E800,0x72FBD800)
0:525  0:000    Result of bootcode detection: bootable Windows (vista,win)
0:525  0:000  11. Volume:
0:525  0:000    PciRoot(0x0)\Pci(0x1F,0x2)\Sata(0x1,0x8000,0x0)\HD(6,GPT,46DD2821-21D2-4908-9ABC-D517DCB24A5F,0x7350C000,0x11FA5B0)
0:525  0:000    Result of bootcode detection: bootable Windows (vista,win)
0:525  0:000  Using theme 'Bluemac' (EFI\CLOVER\themes\Bluemac)
0:526  0:000  OS main and drive as badge
0:537  0:011  font GoB_PTMono_10W.png loaded from themedir
0:538  0:000  Choosing theme Bluemac
0:539  0:000  Custom entries start
0:539  0:000  Custom entry 0 skipped because it is disabled.
0:539  0:000  Custom entries finish
0:539  0:000  Scanning loaders...
0:539  0:000   0: 'Whole Disc Boot' no file system
0:539  0:000   1: 'EFI'
0:598  0:059   2: 'CLOVER EFI'
0:633  0:034   3: 'install_osx'
0:635  0:001      AddLoaderEntry for Volume Name=install_osx
0:635  0:000      Not match custom entry 0: Type: not match
0:667  0:031   4: 'Whole Disc Boot' no file system
0:667  0:000   5: 'Whole Disc Boot' no file system
0:667  0:000   6: 'ESP'
0:667  0:000      AddLoaderEntry for Volume Name=ESP
0:667  0:000      Not match custom entry 0: Type: not match
0:671  0:004      AddLoaderEntry for Volume Name=ESP
0:671  0:000      Not match custom entry 0: Type: not match
0:699  0:027   7: 'DIAGS'
0:724  0:024   8: 'Legacy HD3' no file system
0:724  0:000   9: 'Legacy HD4' no file system
0:724  0:000  10: 'Legacy HD5' no file system
0:724  0:000  11: 'Legacy HD6' no file system
0:724  0:000  Custom legacy start
0:724  0:000  Custom legacy end
0:724  0:000  Scanning legacy ...
0:724  0:000   0: 'Whole Disc Boot' (legacy) not legacy
0:724  0:000   1: 'EFI' (legacy) not legacy
0:724  0:000   2: 'CLOVER EFI' (legacy) not legacy
0:724  0:000   3: 'install_osx' (legacy) not legacy
0:724  0:000   4: 'Whole Disc Boot' (legacy) not legacy
0:724  0:000   5: 'Whole Disc Boot' (legacy) not legacy
0:724  0:000   6: 'ESP' (vista,win) add legacy
0:727  0:002   added 'Boot Windows from ESP' OSType=2 Icon=vista,win
0:727  0:000   7: 'DIAGS' (vista,win) add legacy
0:729  0:002   added 'Boot Windows from DIAGS' OSType=2 Icon=vista,win
0:729  0:000   8: 'Legacy HD3' (legacy) not legacy
0:729  0:000   9: 'Legacy HD4' (vista,win) add legacy
0:732  0:002   added 'Boot Windows from Legacy HD4' OSType=2 Icon=vista,win
0:732  0:000  10: 'Legacy HD5' (vista,win) add legacy
0:735  0:002   added 'Boot Windows from Legacy HD5' OSType=2 Icon=vista,win
0:735  0:000  11: 'Legacy HD6' (vista,win) add legacy
0:738  0:002   added 'Boot Windows from Legacy HD6' OSType=2 Icon=vista,win
0:738  0:000  Custom tool start
0:738  0:000  Custom tool end
0:742  0:004  found tool \EFI\CLOVER\tools\Shell64U.efi
0:742  0:000  Checking EFI partition Volume 1 for Clover
0:742  0:000   Found Clover
0:743  0:000  Checking EFI partition Volume 6 for Clover
0:745  0:002  GetEfiBootDeviceFromNvram: efi-boot-device-data not found
0:745  0:000  EfiBootVolume not found
0:745  0:000   found entry 0. 'Boot OS X Install from install_osx', Volume 'install_osx', DevicePath 'PciRoot(0x0)\Pci(0x1D,0x0)\USB(0x0,0x0)\USB(0x7,0x0)\HD(3,GPT,8ADB8A44-8691-4AAF-952A-4A70871B1767,0x2D5000,0x1A5B7D8)\.IABootFiles\boot.efi'
0:745  0:000  DefaultIndex=0 and MainMenu.EntryCount=14
0:745  0:000  Use anime=rotary_logo_bluemac frames=4
1:057  0:311  GUI ready
